<?xml version="1.0" encoding="UTF-8"?>
<!-- Generated by org.testng.reporters.JUnitXMLReporter -->
<testsuite ignored="0" hostname="Nabila-Mubeen-Dell" failures="1" tests="1" name="Test1" time="0.08" errors="0" timestamp="2024-11-06T13:18:04 PKT">
  <testcase classname="testcases.AutomationTestStore" name="runtest" time="0.018">
    <failure type="java.lang.NullPointerException" message="Cannot invoke &amp;quot;org.openqa.selenium.WebDriver.findElement(org.openqa.selenium.By)&amp;quot; because &amp;quot;this.driver&amp;quot; is null">
      <![CDATA[java.lang.NullPointerException: Cannot invoke "org.openqa.selenium.WebDriver.findElement(org.openqa.selenium.By)" because "this.driver" is null
at objects.Scenario1.SelectDove(Scenario1.java:34)
at testcases.AutomationTestStore.runtest(AutomationTestStore.java:69)
at java.base/java.util.ArrayList.forEach(ArrayList.java:1596)
... Removed 25 stack frames]]>
    </failure>
  </testcase> <!-- runtest -->
</testsuite> <!-- Test1 -->
