<?xml version="1.0" encoding="UTF-8"?>
<testng-results ignored="0" total="1" passed="1" failed="0" skipped="0">
  <reporter-output>
  </reporter-output>
  <suite started-at="2024-11-08T19:16:28 PKT" name="Phase1 Suite" finished-at="2024-11-08T19:16:48 PKT" duration-ms="19306">
    <groups>
    </groups>
    <test started-at="2024-11-08T19:16:28 PKT" name="TestOnChromeAndFirefox" finished-at="2024-11-08T19:16:48 PKT" duration-ms="19306">
      <class name="testcases.AutomationTestStore">
        <test-method is-config="true" signature="setUp()[pri:0, instance:testcases.AutomationTestStore@24569dba]" started-at="2024-11-08T19:16:28 PKT" name="setUp" finished-at="2024-11-08T19:16:43 PKT" duration-ms="14634" status="PASS">
          <reporter-output>
          </reporter-output>
        </test-method> <!-- setUp -->
        <test-method signature="runtest3()[pri:0, instance:testcases.AutomationTestStore@24569dba]" started-at="2024-11-08T19:16:43 PKT" name="runtest3" finished-at="2024-11-08T19:16:48 PKT" duration-ms="4636" status="PASS">
          <reporter-output>
          </reporter-output>
        </test-method> <!-- runtest3 -->
      </class> <!-- testcases.AutomationTestStore -->
    </test> <!-- TestOnChromeAndFirefox -->
  </suite> <!-- Phase1 Suite -->
</testng-results>
